Hello from NVSHMEM_PE=0/3
3 GPUs detected, asked to use use 3 GPUs
SUBGRAPH with N=2400 (6 of 400x400 tiles)
SM Limit per kernel = 20
cuBLAS workspace = 256 kB
totalNodes=91
bufferSize=944
tileSize=262144
Creating queue...
Allocating memory...
Setting dependencies...
Populating the queue...
Inserting dependency kernels...
GPU memory usage: used = 1062.750000, free = 39275.562500 MB, total = 40338.312500 MB
Uploading graphs...
Initializing scheduler...
GPU memory usage: used = 1130.750000, free = 39207.562500 MB, total = 40338.312500 MB
Launching...
device 1 | 0 run | time (s): 0.0029
device 2 | 0 run | time (s): 0.0029
device 0 | 0 run | time (s): 0.0032
Done
Total time used (s): 0.0029
Total time used (s): 0.0029
Total time used (s): 0.0032
