Hello from NVSHMEM_PE=0/4
4 GPUs detected, asked to use use 4 GPUs
SUBGRAPH with N=24000 (6 of 4000x4000 tiles)
SM Limit per kernel = 20
cuBLAS workspace = 256 kB
totalNodes=91
bufferSize=13232
tileSize=262144
Creating queue...
Allocating memory...
Setting dependencies...
Populating the queue...
Inserting dependency kernels...
GPU memory usage: used = 5684.750000, free = 34653.562500 MB, total = 40338.312500 MB
Uploading graphs...
Initializing scheduler...
GPU memory usage: used = 5878.750000, free = 34459.562500 MB, total = 40338.312500 MB
Launching...
device 2 | 0 run | time (s): 0.3983
device 3 | 0 run | time (s): 0.3983
device 0 | 0 run | time (s): 0.4023
device 1 | 0 run | time (s): 0.3983
device 0 | 1 run | time (s): 0.3712
device 3 | 1 run | time (s): 0.3672
device 2 | 1 run | time (s): 0.3672
device 1 | 1 run | time (s): 0.3672
device 3 | 2 run | time (s): 0.3601
device 1 | 2 run | time (s): 0.3601
device 2 | 2 run | time (s): 0.3601
device 0 | 2 run | time (s): 0.3641
device 2 | 3 run | time (s): 0.3611
device 0 | 3 run | time (s): 0.3651
device 1 | 3 run | time (s): 0.3611
device 3 | 3 run | time (s): 0.3611
device 0 | 4 run | time (s): 0.3903
device 2 | 4 run | time (s): 0.3862
device 1 | 4 run | time (s): 0.3862
device 3 | 4 run | time (s): 0.3862
device 1 | 5 run | time (s): 0.3736
device 0 | 5 run | time (s): 0.3776
device 2 | 5 run | time (s): 0.3736
device 3 | 5 run | time (s): 0.3736
device 0 | 6 run | time (s): 0.3939
device 3 | 6 run | time (s): 0.3899
device 2 | 6 run | time (s): 0.3899
device 1 | 6 run | time (s): 0.3899
device 2 | 7 run | time (s): 0.3654
device 0 | 7 run | time (s): 0.3695
device 1 | 7 run | time (s): 0.3654
device 3 | 7 run | time (s): 0.3654
device 1 | 8 run | time (s): 0.3753
device 0 | 8 run | time (s): 0.3793
device 2 | 8 run | time (s): 0.3753
device 3 | 8 run | time (s): 0.3753
device 2 | 9 run | time (s): 0.3689
device 1 | 9 run | time (s): 0.3689
device 0 | 9 run | time (s): 0.3730
Done
device 3 | 9 run | time (s): 0.3689
Total time used (s): 3.7863
Total time used (s): 3.7461
Total time used (s): 3.7461
Total time used (s): 3.7461
