Hello from NVSHMEM_PE=0/1
1 GPUs detected, asked to use use 1 GPUs
SUBGRAPH with N=24000 (6 of 4000x4000 tiles)
SM Limit per kernel = 20
cuBLAS workspace = 256 kB
totalNodes=91
bufferSize=13232
tileSize=262144
Creating queue...
Allocating memory...
Setting dependencies...
Populating the queue...
Inserting dependency kernels...
GPU memory usage: used = 5684.750000, free = 34653.562500 MB, total = 40338.312500 MB
Uploading graphs...
Initializing scheduler...
GPU memory usage: used = 5878.750000, free = 34459.562500 MB, total = 40338.312500 MB
Launching...
device 0 | 0 run | time (s): 0.5732
device 0 | 1 run | time (s): 0.5697
device 0 | 2 run | time (s): 0.5692
device 0 | 3 run | time (s): 0.5699
device 0 | 4 run | time (s): 0.5712
device 0 | 5 run | time (s): 0.5701
device 0 | 6 run | time (s): 0.5714
device 0 | 7 run | time (s): 0.5709
device 0 | 8 run | time (s): 0.5715
device 0 | 9 run | time (s): 0.5702
Done
Total time used (s): 5.7073
