Hello from NVSHMEM_PE=0/3
3 GPUs detected, asked to use use 3 GPUs
SUBGRAPH with N=24000 (6 of 4000x4000 tiles)
SM Limit per kernel = 20
cuBLAS workspace = 256 kB
totalNodes=91
bufferSize=13232
tileSize=262144
Creating queue...
Allocating memory...
Setting dependencies...
Populating the queue...
Inserting dependency kernels...
GPU memory usage: used = 5684.750000, free = 34653.562500 MB, total = 40338.312500 MB
Uploading graphs...
Initializing scheduler...
GPU memory usage: used = 5878.750000, free = 34459.562500 MB, total = 40338.312500 MB
Launching...
device 1 | 0 run | time (s): 0.3529
device 2 | 0 run | time (s): 0.3529
device 0 | 0 run | time (s): 0.3569
device 2 | 1 run | time (s): 0.3427
device 1 | 1 run | time (s): 0.3426
device 0 | 1 run | time (s): 0.3467
device 1 | 2 run | time (s): 0.3488
device 2 | 2 run | time (s): 0.3487
device 0 | 2 run | time (s): 0.3528
device 2 | 3 run | time (s): 0.3488
device 1 | 3 run | time (s): 0.3557
device 0 | 3 run | time (s): 0.3488
device 1 | 4 run | time (s): 0.3647
device 2 | 4 run | time (s): 0.3647
device 0 | 4 run | time (s): 0.3687
device 2 | 5 run | time (s): 0.3473
device 1 | 5 run | time (s): 0.3473
device 0 | 5 run | time (s): 0.3513
device 1 | 6 run | time (s): 0.3426
device 2 | 6 run | time (s): 0.3426
device 0 | 6 run | time (s): 0.3466
device 2 | 7 run | time (s): 0.3334
device 1 | 7 run | time (s): 0.3334
device 0 | 7 run | time (s): 0.3374
device 1 | 8 run | time (s): 0.3681
device 2 | 8 run | time (s): 0.3681
device 0 | 8 run | time (s): 0.3721
device 1 | 9 run | time (s): 0.3561
device 0 | 9 run | time (s): 0.3601
Done
device 2 | 9 run | time (s): 0.3561
Total time used (s): 3.5414
Total time used (s): 3.5122
Total time used (s): 3.5053
