Hello from NVSHMEM_PE=0/2
2 GPUs detected, asked to use use 2 GPUs
SUBGRAPH with N=24000 (6 of 4000x4000 tiles)
SM Limit per kernel = 20
cuBLAS workspace = 256 kB
totalNodes=91
bufferSize=13232
tileSize=262144
Creating queue...
Allocating memory...
Setting dependencies...
Populating the queue...
Inserting dependency kernels...
GPU memory usage: used = 5684.750000, free = 34653.562500 MB, total = 40338.312500 MB
Uploading graphs...
Initializing scheduler...
GPU memory usage: used = 5878.750000, free = 34459.562500 MB, total = 40338.312500 MB
Launching...
device 1 | 0 run | time (s): 0.3882
device 0 | 0 run | time (s): 0.3922
device 1 | 1 run | time (s): 0.4065
device 0 | 1 run | time (s): 0.4105
device 0 | 2 run | time (s): 0.4359
device 1 | 2 run | time (s): 0.4319
device 0 | 3 run | time (s): 0.4008
device 1 | 3 run | time (s): 0.3968
device 0 | 4 run | time (s): 0.4287
device 1 | 4 run | time (s): 0.4247
device 0 | 5 run | time (s): 0.3950
device 1 | 5 run | time (s): 0.3910
device 0 | 6 run | time (s): 0.4131
device 1 | 6 run | time (s): 0.4090
device 0 | 7 run | time (s): 0.4037
device 1 | 7 run | time (s): 0.3996
device 0 | 8 run | time (s): 0.3874
device 1 | 8 run | time (s): 0.3834
device 0 | 9 run | time (s): 0.3994
Done
device 1 | 9 run | time (s): 0.3954
Total time used (s): 4.0666
Total time used (s): 4.0264
