Hello from NVSHMEM_PE=0/3
3 GPUs detected, asked to use use 3 GPUs
SUBGRAPH with N=24000 (6 of 4000x4000 tiles)
SM Limit per kernel = 20
cuBLAS workspace = 256 kB
totalNodes=91
bufferSize=13232
tileSize=262144
Creating queue...
Allocating memory...
Setting dependencies...
Populating the queue...
Inserting dependency kernels...
GPU memory usage: used = 5684.750000, free = 34653.562500 MB, total = 40338.312500 MB
Uploading graphs...
Initializing scheduler...
GPU memory usage: used = 5878.750000, free = 34459.562500 MB, total = 40338.312500 MB
Launching...
device 1 | 0 run | time (s): 0.3570
device 2 | 0 run | time (s): 0.3570
device 0 | 0 run | time (s): 0.3610
device 2 | 1 run | time (s): 0.3839
device 1 | 1 run | time (s): 0.3770
device 0 | 1 run | time (s): 0.3770
device 1 | 2 run | time (s): 0.3374
device 2 | 2 run | time (s): 0.3374
device 0 | 2 run | time (s): 0.3414
device 2 | 3 run | time (s): 0.3642
device 1 | 3 run | time (s): 0.3642
device 0 | 3 run | time (s): 0.3682
device 2 | 4 run | time (s): 0.3713
device 0 | 4 run | time (s): 0.3754
device 1 | 4 run | time (s): 0.3713
device 0 | 5 run | time (s): 0.3498
device 2 | 5 run | time (s): 0.3458
device 1 | 5 run | time (s): 0.3458
device 1 | 6 run | time (s): 0.3657
device 2 | 6 run | time (s): 0.3657
device 0 | 6 run | time (s): 0.3698
device 2 | 7 run | time (s): 0.3531
device 0 | 7 run | time (s): 0.3571
device 1 | 7 run | time (s): 0.3531
device 0 | 8 run | time (s): 0.3464
device 2 | 8 run | time (s): 0.3424
device 1 | 8 run | time (s): 0.3424
device 2 | 9 run | time (s): 0.3762
device 0 | 9 run | time (s): 0.3762
Done
device 1 | 9 run | time (s): 0.3831
Total time used (s): 3.5971
Total time used (s): 3.6223
Total time used (s): 3.5971
