Hello from NVSHMEM_PE=0/1
4 GPUs detected, asked to use use 1 GPUs
TILED with N=24000 (6 of 4000x4000 tiles)
SM Limit per kernel = 20
cuBLAS workspace = 256 kB
totalNodes=91
bufferSize=7832
tileSize=262144
device 0 | 0 run | time (s): 0.5483
device 0 | 1 run | time (s): 0.5485
device 0 | 2 run | time (s): 0.5486
device 0 | 3 run | time (s): 0.5466
device 0 | 4 run | time (s): 0.5476
device 0 | 5 run | time (s): 0.5486
device 0 | 6 run | time (s): 0.5479
device 0 | 7 run | time (s): 0.5489
device 0 | 8 run | time (s): 0.5501
device 0 | 9 run | time (s): 0.5494
Total time used (s): 5.4845
Hello from NVSHMEM_PE=0/1
4 GPUs detected, asked to use use 1 GPUs
TILED with N=24000 (6 of 4000x4000 tiles)
SM Limit per kernel = 20
cuBLAS workspace = 256 kB
