Hello from NVSHMEM_PE=0/2
2 GPUs detected, asked to use use 2 GPUs
SUBGRAPH with N=24000 (6 of 4000x4000 tiles)
SM Limit per kernel = 20
cuBLAS workspace = 256 kB
totalNodes=91
bufferSize=7832
tileSize=262144
Start capturing subgraph 0
End capturing subgraph 0
Start capturing subgraph 1
End capturing subgraph 1
Start capturing subgraph 2
End capturing subgraph 2
Start capturing subgraph 3
End capturing subgraph 3
Start capturing subgraph 4
End capturing subgraph 4
Start capturing subgraph 5
End capturing subgraph 5
Start capturing subgraph 6
End capturing subgraph 6
Start capturing subgraph 7
End capturing subgraph 7
Start capturing subgraph 8
End capturing subgraph 8
Start capturing subgraph 9
End capturing subgraph 9
Start capturing subgraph 10
End capturing subgraph 10
Start capturing subgraph 11
End capturing subgraph 11
Start capturing subgraph 12
End capturing subgraph 12
Start capturing subgraph 13
End capturing subgraph 13
Start capturing subgraph 14
End capturing subgraph 14
Start capturing subgraph 15
End capturing subgraph 15
Start capturing subgraph 16
End capturing subgraph 16
Start capturing subgraph 17
End capturing subgraph 17
Start capturing subgraph 18
End capturing subgraph 18
Start capturing subgraph 19
End capturing subgraph 19
Start capturing subgraph 20
End capturing subgraph 20
Start capturing subgraph 21
End capturing subgraph 21
Start capturing subgraph 22
End capturing subgraph 22
Start capturing subgraph 23
End capturing subgraph 23
Start capturing subgraph 24
End capturing subgraph 24
Start capturing subgraph 25
End capturing subgraph 25
Start capturing subgraph 26
End capturing subgraph 26
Start capturing subgraph 27
End capturing subgraph 27
Start capturing subgraph 28
End capturing subgraph 28
Start capturing subgraph 29
End capturing subgraph 29
Start capturing subgraph 30
End capturing subgraph 30
Start capturing subgraph 31
End capturing subgraph 31
Start capturing subgraph 32
End capturing subgraph 32
Start capturing subgraph 33
End capturing subgraph 33
Start capturing subgraph 34
End capturing subgraph 34
Start capturing subgraph 35
End capturing subgraph 35
Start capturing subgraph 36
End capturing subgraph 36
Start capturing subgraph 37
End capturing subgraph 37
Start capturing subgraph 38
End capturing subgraph 38
Start capturing subgraph 39
End capturing subgraph 39
Start capturing subgraph 40
End capturing subgraph 40
Start capturing subgraph 41
End capturing subgraph 41
Start capturing subgraph 42
End capturing subgraph 42
Start capturing subgraph 43
End capturing subgraph 43
Start capturing subgraph 44
End capturing subgraph 44
Start capturing subgraph 45
End capturing subgraph 45
Start capturing subgraph 46
End capturing subgraph 46
Start capturing subgraph 47
End capturing subgraph 47
Start capturing subgraph 48
End capturing subgraph 48
Start capturing subgraph 49
End capturing subgraph 49
Start capturing subgraph 50
End capturing subgraph 50
Start capturing subgraph 51
End capturing subgraph 51
Start capturing subgraph 52
End capturing subgraph 52
Start capturing subgraph 53
End capturing subgraph 53
Start capturing subgraph 54
End capturing subgraph 54
Start capturing subgraph 55
End capturing subgraph 55
Start capturing subgraph 56
End capturing subgraph 56
Start capturing subgraph 57
End capturing subgraph 57
Start capturing subgraph 58
End capturing subgraph 58
Start capturing subgraph 59
End capturing subgraph 59
Start capturing subgraph 60
End capturing subgraph 60
Start capturing subgraph 61
End capturing subgraph 61
Start capturing subgraph 62
End capturing subgraph 62
Start capturing subgraph 63
End capturing subgraph 63
Start capturing subgraph 64
End capturing subgraph 64
Start capturing subgraph 65
End capturing subgraph 65
Start capturing subgraph 66
End capturing subgraph 66
Start capturing subgraph 67
End capturing subgraph 67
Start capturing subgraph 68
End capturing subgraph 68
Start capturing subgraph 69
End capturing subgraph 69
Start capturing subgraph 70
End capturing subgraph 70
Start capturing subgraph 71
End capturing subgraph 71
Start capturing subgraph 72
End capturing subgraph 72
Start capturing subgraph 73
End capturing subgraph 73
Start capturing subgraph 74
End capturing subgraph 74
Start capturing subgraph 75
End capturing subgraph 75
Start capturing subgraph 76
End capturing subgraph 76
Start capturing subgraph 77
End capturing subgraph 77
Start capturing subgraph 78
End capturing subgraph 78
Start capturing subgraph 79
End capturing subgraph 79
Start capturing subgraph 80
End capturing subgraph 80
Start capturing subgraph 81
End capturing subgraph 81
Start capturing subgraph 82
End capturing subgraph 82
Start capturing subgraph 83
End capturing subgraph 83
Start capturing subgraph 84
End capturing subgraph 84
Start capturing subgraph 85
End capturing subgraph 85
Start capturing subgraph 86
End capturing subgraph 86
Start capturing subgraph 87
End capturing subgraph 87
Start capturing subgraph 88
End capturing subgraph 88
Start capturing subgraph 89
End capturing subgraph 89
Start capturing subgraph 90
End capturing subgraph 90
Creating queue...
Start capturing subgraph 0
End capturing subgraph 0
Start capturing subgraph 1
End capturing subgraph 1
Start capturing subgraph 2
End capturing subgraph 2
Start capturing subgraph 3
End capturing subgraph 3
Start capturing subgraph 4
End capturing subgraph 4
Start capturing subgraph 5
End capturing subgraph 5
Start capturing subgraph 6
End capturing subgraph 6
Start capturing subgraph 7
End capturing subgraph 7
Start capturing subgraph 8
End capturing subgraph 8
Start capturing subgraph 9
End capturing subgraph 9
Start capturing subgraph 10
End capturing subgraph 10
Start capturing subgraph 11
End capturing subgraph 11
Start capturing subgraph 12
End capturing subgraph 12
Start capturing subgraph 13
End capturing subgraph 13
Start capturing subgraph 14
End capturing subgraph 14
Start capturing subgraph 15
End capturing subgraph 15
Start capturing subgraph 16
End capturing subgraph 16
Start capturing subgraph 17
End capturing subgraph 17
Start capturing subgraph 18
End capturing subgraph 18
Start capturing subgraph 19
End capturing subgraph 19
Start capturing subgraph 20
End capturing subgraph 20
Start capturing subgraph 21
End capturing subgraph 21
Start capturing subgraph 22
End capturing subgraph 22
Start capturing subgraph 23
End capturing subgraph 23
Start capturing subgraph 24
End capturing subgraph 24
Start capturing subgraph 25
End capturing subgraph 25
Start capturing subgraph 26
End capturing subgraph 26
Start capturing subgraph 27
End capturing subgraph 27
Start capturing subgraph 28
End capturing subgraph 28
Start capturing subgraph 29
End capturing subgraph 29
Start capturing subgraph 30
End capturing subgraph 30
Start capturing subgraph 31
End capturing subgraph 31
Start capturing subgraph 32
End capturing subgraph 32
Start capturing subgraph 33
End capturing subgraph 33
Start capturing subgraph 34
End capturing subgraph 34
Start capturing subgraph 35
End capturing subgraph 35
Start capturing subgraph 36
End capturing subgraph 36
Start capturing subgraph 37
End capturing subgraph 37
Start capturing subgraph 38
End capturing subgraph 38
Start capturing subgraph 39
End capturing subgraph 39
Start capturing subgraph 40
End capturing subgraph 40
Start capturing subgraph 41
End capturing subgraph 41
Start capturing subgraph 42
End capturing subgraph 42
Start capturing subgraph 43
End capturing subgraph 43
Start capturing subgraph 44
End capturing subgraph 44
Start capturing subgraph 45
End capturing subgraph 45
Start capturing subgraph 46
End capturing subgraph 46
Start capturing subgraph 47
End capturing subgraph 47
Start capturing subgraph 48
End capturing subgraph 48
Start capturing subgraph 49
End capturing subgraph 49
Start capturing subgraph 50
End capturing subgraph 50
Start capturing subgraph 51
End capturing subgraph 51
Start capturing subgraph 52
End capturing subgraph 52
Start capturing subgraph 53
End capturing subgraph 53
Start capturing subgraph 54
End capturing subgraph 54
Start capturing subgraph 55
End capturing subgraph 55
Start capturing subgraph 56
End capturing subgraph 56
Start capturing subgraph 57
End capturing subgraph 57
Start capturing subgraph 58
End capturing subgraph 58
Start capturing subgraph 59
End capturing subgraph 59
Start capturing subgraph 60
End capturing subgraph 60
Start capturing subgraph 61
End capturing subgraph 61
Start capturing subgraph 62
End capturing subgraph 62
Start capturing subgraph 63
End capturing subgraph 63
Start capturing subgraph 64
End capturing subgraph 64
Start capturing subgraph 65
End capturing subgraph 65
Start capturing subgraph 66
End capturing subgraph 66
Start capturing subgraph 67
End capturing subgraph 67
Start capturing subgraph 68
End capturing subgraph 68
Start capturing subgraph 69
End capturing subgraph 69
Start capturing subgraph 70
End capturing subgraph 70
Start capturing subgraph 71
End capturing subgraph 71
Start capturing subgraph 72
End capturing subgraph 72
Start capturing subgraph 73
End capturing subgraph 73
Start capturing subgraph 74
End capturing subgraph 74
Start capturing subgraph 75
End capturing subgraph 75
Start capturing subgraph 76
End capturing subgraph 76
Start capturing subgraph 77
End capturing subgraph 77
Start capturing subgraph 78
End capturing subgraph 78
Start capturing subgraph 79
End capturing subgraph 79
Start capturing subgraph 80
End capturing subgraph 80
Start capturing subgraph 81
End capturing subgraph 81
Start capturing subgraph 82
End capturing subgraph 82
Start capturing subgraph 83
End capturing subgraph 83
Start capturing subgraph 84
End capturing subgraph 84
Start capturing subgraph 85
End capturing subgraph 85
Start capturing subgraph 86
End capturing subgraph 86
Start capturing subgraph 87
End capturing subgraph 87
Start capturing subgraph 88
End capturing subgraph 88
Start capturing subgraph 89
End capturing subgraph 89
Start capturing subgraph 90
End capturing subgraph 90
Allocating memory...
Setting dependencies...
Populating the queue...
Inserting dependency kernels...
GPU memory usage: used = 5678.750000, free = 34659.562500 MB, total = 40338.312500 MB
Uploading graphs...
Initializing scheduler...
GPU memory usage: used = 5846.750000, free = 34491.562500 MB, total = 40338.312500 MB
Launching...
device 1 | 0 run | time (s): 0.3925
device 0 | 0 run | time (s): 0.3952
device 1 | 1 run | time (s): 0.4122
device 0 | 1 run | time (s): 0.4148
device 1 | 2 run | time (s): 0.3784
device 0 | 2 run | time (s): 0.3810
device 1 | 3 run | time (s): 0.4068
device 0 | 3 run | time (s): 0.4097
device 1 | 4 run | time (s): 0.3891
device 0 | 4 run | time (s): 0.3918
device 1 | 5 run | time (s): 0.4235
device 0 | 5 run | time (s): 0.4261
device 1 | 6 run | time (s): 0.3914
device 0 | 6 run | time (s): 0.3859
device 1 | 7 run | time (s): 0.4133
device 0 | 7 run | time (s): 0.4159
device 0 | 8 run | time (s): 0.4042
device 1 | 8 run | time (s): 0.4016
device 0 | 9 run | time (s): 0.4035
Done
device 1 | 9 run | time (s): 0.4008
Total time used (s): 4.0097
Total time used (s): 4.0281
