Test 1D Laplacian of order 24000
Step 1: Create Mg handle and select devices 
	There are 2 GPUs 
	Device 0, NVIDIA A100-SXM4-40GB, cc 8.0 
	Device 1, NVIDIA A100-SXM4-40GB, cc 8.0 
step 2: Enable peer access.
	 Enable peer access from gpu 0 to gpu 1
	 Enable peer access from gpu 1 to gpu 0
Step 3: Allocate host memory A 
Step 4: Prepare 1D Laplacian for A and X = ones(N,NRHS) 
Step 5: Create RHS for reference solution on host B = A*X 
Step 6: Create matrix descriptors for A and D 
Step 7: Allocate distributed matrices A and B 
Step 8: Prepare data on devices 
Step 9: Allocate workspace space 
	Allocate device workspace, lwork = 53248000 
Step 10: Solve A*X = B by POTRF and POTRS 
Total time used (s): 0.2947
Step 11: Solution vector B
Step 12: Measure residual error |b - A*x| 
errors for X[:,1] 
	|b - A*x|_inf = 9.103829E-15
	|x|_inf = 1.000000E+00
	|b|_inf = 1.000000E+00
	|A|_inf = 4.000000E+00
	|b - A*x|/(|A|*|x|+|b|) = 1.820766E-15

errors for X[:,2] 
	|b - A*x|_inf = 9.103829E-15
	|x|_inf = 1.000000E+00
	|b|_inf = 1.000000E+00
	|A|_inf = 4.000000E+00
	|b - A*x|/(|A|*|x|+|b|) = 1.820766E-15

step 12: Free resources 
Test 1D Laplacian of order 24000
Step 1: Create Mg handle and select devices 
	There are 2 GPUs 
	Device 0, NVIDIA A100-SXM4-40GB, cc 8.0 
	Device 1, NVIDIA A100-SXM4-40GB, cc 8.0 
step 2: Enable peer access.
	 Enable peer access from gpu 0 to gpu 1
	 Enable peer access from gpu 1 to gpu 0
Step 3: Allocate host memory A 
Step 4: Prepare 1D Laplacian for A and X = ones(N,NRHS) 
Step 5: Create RHS for reference solution on host B = A*X 
Step 6: Create matrix descriptors for A and D 
Step 7: Allocate distributed matrices A and B 
Step 8: Prepare data on devices 
Step 9: Allocate workspace space 
	Allocate device workspace, lwork = 53248000 
Step 10: Solve A*X = B by POTRF and POTRS 
Total time used (s): 0.2831
Step 11: Solution vector B
Step 12: Measure residual error |b - A*x| 
errors for X[:,1] 
	|b - A*x|_inf = 9.103829E-15
	|x|_inf = 1.000000E+00
	|b|_inf = 1.000000E+00
	|A|_inf = 4.000000E+00
	|b - A*x|/(|A|*|x|+|b|) = 1.820766E-15

errors for X[:,2] 
	|b - A*x|_inf = 9.103829E-15
	|x|_inf = 1.000000E+00
	|b|_inf = 1.000000E+00
	|A|_inf = 4.000000E+00
	|b - A*x|/(|A|*|x|+|b|) = 1.820766E-15

step 12: Free resources 
Test 1D Laplacian of order 24000
Step 1: Create Mg handle and select devices 
	There are 2 GPUs 
	Device 0, NVIDIA A100-SXM4-40GB, cc 8.0 
	Device 1, NVIDIA A100-SXM4-40GB, cc 8.0 
step 2: Enable peer access.
	 Enable peer access from gpu 0 to gpu 1
	 Enable peer access from gpu 1 to gpu 0
Step 3: Allocate host memory A 
Step 4: Prepare 1D Laplacian for A and X = ones(N,NRHS) 
Step 5: Create RHS for reference solution on host B = A*X 
Step 6: Create matrix descriptors for A and D 
Step 7: Allocate distributed matrices A and B 
Step 8: Prepare data on devices 
Step 9: Allocate workspace space 
	Allocate device workspace, lwork = 53248000 
Step 10: Solve A*X = B by POTRF and POTRS 
Total time used (s): 0.2857
Step 11: Solution vector B
Step 12: Measure residual error |b - A*x| 
errors for X[:,1] 
	|b - A*x|_inf = 9.103829E-15
	|x|_inf = 1.000000E+00
	|b|_inf = 1.000000E+00
	|A|_inf = 4.000000E+00
	|b - A*x|/(|A|*|x|+|b|) = 1.820766E-15

errors for X[:,2] 
	|b - A*x|_inf = 9.103829E-15
	|x|_inf = 1.000000E+00
	|b|_inf = 1.000000E+00
	|A|_inf = 4.000000E+00
	|b - A*x|/(|A|*|x|+|b|) = 1.820766E-15

step 12: Free resources 
Test 1D Laplacian of order 24000
Step 1: Create Mg handle and select devices 
	There are 2 GPUs 
	Device 0, NVIDIA A100-SXM4-40GB, cc 8.0 
	Device 1, NVIDIA A100-SXM4-40GB, cc 8.0 
step 2: Enable peer access.
	 Enable peer access from gpu 0 to gpu 1
	 Enable peer access from gpu 1 to gpu 0
Step 3: Allocate host memory A 
Step 4: Prepare 1D Laplacian for A and X = ones(N,NRHS) 
Step 5: Create RHS for reference solution on host B = A*X 
Step 6: Create matrix descriptors for A and D 
Step 7: Allocate distributed matrices A and B 
Step 8: Prepare data on devices 
Step 9: Allocate workspace space 
	Allocate device workspace, lwork = 53248000 
Step 10: Solve A*X = B by POTRF and POTRS 
Total time used (s): 0.2908
Step 11: Solution vector B
Step 12: Measure residual error |b - A*x| 
errors for X[:,1] 
	|b - A*x|_inf = 9.103829E-15
	|x|_inf = 1.000000E+00
	|b|_inf = 1.000000E+00
	|A|_inf = 4.000000E+00
	|b - A*x|/(|A|*|x|+|b|) = 1.820766E-15

errors for X[:,2] 
	|b - A*x|_inf = 9.103829E-15
	|x|_inf = 1.000000E+00
	|b|_inf = 1.000000E+00
	|A|_inf = 4.000000E+00
	|b - A*x|/(|A|*|x|+|b|) = 1.820766E-15

step 12: Free resources 
Test 1D Laplacian of order 24000
Step 1: Create Mg handle and select devices 
	There are 2 GPUs 
	Device 0, NVIDIA A100-SXM4-40GB, cc 8.0 
	Device 1, NVIDIA A100-SXM4-40GB, cc 8.0 
step 2: Enable peer access.
	 Enable peer access from gpu 0 to gpu 1
	 Enable peer access from gpu 1 to gpu 0
Step 3: Allocate host memory A 
Step 4: Prepare 1D Laplacian for A and X = ones(N,NRHS) 
Step 5: Create RHS for reference solution on host B = A*X 
Step 6: Create matrix descriptors for A and D 
Step 7: Allocate distributed matrices A and B 
Step 8: Prepare data on devices 
Step 9: Allocate workspace space 
	Allocate device workspace, lwork = 53248000 
Step 10: Solve A*X = B by POTRF and POTRS 
Total time used (s): 0.2788
Step 11: Solution vector B
Step 12: Measure residual error |b - A*x| 
errors for X[:,1] 
	|b - A*x|_inf = 9.103829E-15
	|x|_inf = 1.000000E+00
	|b|_inf = 1.000000E+00
	|A|_inf = 4.000000E+00
	|b - A*x|/(|A|*|x|+|b|) = 1.820766E-15

errors for X[:,2] 
	|b - A*x|_inf = 9.103829E-15
	|x|_inf = 1.000000E+00
	|b|_inf = 1.000000E+00
	|A|_inf = 4.000000E+00
	|b - A*x|/(|A|*|x|+|b|) = 1.820766E-15

step 12: Free resources 
Test 1D Laplacian of order 24000
Step 1: Create Mg handle and select devices 
	There are 2 GPUs 
	Device 0, NVIDIA A100-SXM4-40GB, cc 8.0 
	Device 1, NVIDIA A100-SXM4-40GB, cc 8.0 
step 2: Enable peer access.
	 Enable peer access from gpu 0 to gpu 1
	 Enable peer access from gpu 1 to gpu 0
Step 3: Allocate host memory A 
Step 4: Prepare 1D Laplacian for A and X = ones(N,NRHS) 
Step 5: Create RHS for reference solution on host B = A*X 
Step 6: Create matrix descriptors for A and D 
Step 7: Allocate distributed matrices A and B 
Step 8: Prepare data on devices 
Step 9: Allocate workspace space 
	Allocate device workspace, lwork = 53248000 
Step 10: Solve A*X = B by POTRF and POTRS 
Total time used (s): 0.2827
Step 11: Solution vector B
Step 12: Measure residual error |b - A*x| 
errors for X[:,1] 
	|b - A*x|_inf = 9.103829E-15
	|x|_inf = 1.000000E+00
	|b|_inf = 1.000000E+00
	|A|_inf = 4.000000E+00
	|b - A*x|/(|A|*|x|+|b|) = 1.820766E-15

errors for X[:,2] 
	|b - A*x|_inf = 9.103829E-15
	|x|_inf = 1.000000E+00
	|b|_inf = 1.000000E+00
	|A|_inf = 4.000000E+00
	|b - A*x|/(|A|*|x|+|b|) = 1.820766E-15

step 12: Free resources 
Test 1D Laplacian of order 24000
Step 1: Create Mg handle and select devices 
	There are 2 GPUs 
	Device 0, NVIDIA A100-SXM4-40GB, cc 8.0 
	Device 1, NVIDIA A100-SXM4-40GB, cc 8.0 
step 2: Enable peer access.
	 Enable peer access from gpu 0 to gpu 1
	 Enable peer access from gpu 1 to gpu 0
Step 3: Allocate host memory A 
Step 4: Prepare 1D Laplacian for A and X = ones(N,NRHS) 
Step 5: Create RHS for reference solution on host B = A*X 
Step 6: Create matrix descriptors for A and D 
Step 7: Allocate distributed matrices A and B 
Step 8: Prepare data on devices 
Step 9: Allocate workspace space 
	Allocate device workspace, lwork = 53248000 
Step 10: Solve A*X = B by POTRF and POTRS 
Total time used (s): 0.2929
Step 11: Solution vector B
Step 12: Measure residual error |b - A*x| 
errors for X[:,1] 
	|b - A*x|_inf = 9.103829E-15
	|x|_inf = 1.000000E+00
	|b|_inf = 1.000000E+00
	|A|_inf = 4.000000E+00
	|b - A*x|/(|A|*|x|+|b|) = 1.820766E-15

errors for X[:,2] 
	|b - A*x|_inf = 9.103829E-15
	|x|_inf = 1.000000E+00
	|b|_inf = 1.000000E+00
	|A|_inf = 4.000000E+00
	|b - A*x|/(|A|*|x|+|b|) = 1.820766E-15

step 12: Free resources 
Test 1D Laplacian of order 24000
Step 1: Create Mg handle and select devices 
	There are 2 GPUs 
	Device 0, NVIDIA A100-SXM4-40GB, cc 8.0 
	Device 1, NVIDIA A100-SXM4-40GB, cc 8.0 
step 2: Enable peer access.
	 Enable peer access from gpu 0 to gpu 1
	 Enable peer access from gpu 1 to gpu 0
Step 3: Allocate host memory A 
Step 4: Prepare 1D Laplacian for A and X = ones(N,NRHS) 
Step 5: Create RHS for reference solution on host B = A*X 
Step 6: Create matrix descriptors for A and D 
Step 7: Allocate distributed matrices A and B 
Step 8: Prepare data on devices 
Step 9: Allocate workspace space 
	Allocate device workspace, lwork = 53248000 
Step 10: Solve A*X = B by POTRF and POTRS 
Total time used (s): 0.2867
Step 11: Solution vector B
Step 12: Measure residual error |b - A*x| 
errors for X[:,1] 
	|b - A*x|_inf = 9.103829E-15
	|x|_inf = 1.000000E+00
	|b|_inf = 1.000000E+00
	|A|_inf = 4.000000E+00
	|b - A*x|/(|A|*|x|+|b|) = 1.820766E-15

errors for X[:,2] 
	|b - A*x|_inf = 9.103829E-15
	|x|_inf = 1.000000E+00
	|b|_inf = 1.000000E+00
	|A|_inf = 4.000000E+00
	|b - A*x|/(|A|*|x|+|b|) = 1.820766E-15

step 12: Free resources 
Test 1D Laplacian of order 24000
Step 1: Create Mg handle and select devices 
	There are 2 GPUs 
	Device 0, NVIDIA A100-SXM4-40GB, cc 8.0 
	Device 1, NVIDIA A100-SXM4-40GB, cc 8.0 
step 2: Enable peer access.
	 Enable peer access from gpu 0 to gpu 1
	 Enable peer access from gpu 1 to gpu 0
Step 3: Allocate host memory A 
Step 4: Prepare 1D Laplacian for A and X = ones(N,NRHS) 
Step 5: Create RHS for reference solution on host B = A*X 
Step 6: Create matrix descriptors for A and D 
Step 7: Allocate distributed matrices A and B 
Step 8: Prepare data on devices 
Step 9: Allocate workspace space 
	Allocate device workspace, lwork = 53248000 
Step 10: Solve A*X = B by POTRF and POTRS 
Total time used (s): 0.2874
Step 11: Solution vector B
Step 12: Measure residual error |b - A*x| 
errors for X[:,1] 
	|b - A*x|_inf = 9.103829E-15
	|x|_inf = 1.000000E+00
	|b|_inf = 1.000000E+00
	|A|_inf = 4.000000E+00
	|b - A*x|/(|A|*|x|+|b|) = 1.820766E-15

errors for X[:,2] 
	|b - A*x|_inf = 9.103829E-15
	|x|_inf = 1.000000E+00
	|b|_inf = 1.000000E+00
	|A|_inf = 4.000000E+00
	|b - A*x|/(|A|*|x|+|b|) = 1.820766E-15

step 12: Free resources 
Test 1D Laplacian of order 24000
Step 1: Create Mg handle and select devices 
	There are 2 GPUs 
	Device 0, NVIDIA A100-SXM4-40GB, cc 8.0 
	Device 1, NVIDIA A100-SXM4-40GB, cc 8.0 
step 2: Enable peer access.
	 Enable peer access from gpu 0 to gpu 1
	 Enable peer access from gpu 1 to gpu 0
Step 3: Allocate host memory A 
Step 4: Prepare 1D Laplacian for A and X = ones(N,NRHS) 
Step 5: Create RHS for reference solution on host B = A*X 
Step 6: Create matrix descriptors for A and D 
Step 7: Allocate distributed matrices A and B 
Step 8: Prepare data on devices 
Step 9: Allocate workspace space 
	Allocate device workspace, lwork = 53248000 
Step 10: Solve A*X = B by POTRF and POTRS 
Total time used (s): 0.2853
Step 11: Solution vector B
Step 12: Measure residual error |b - A*x| 
errors for X[:,1] 
	|b - A*x|_inf = 9.103829E-15
	|x|_inf = 1.000000E+00
	|b|_inf = 1.000000E+00
	|A|_inf = 4.000000E+00
	|b - A*x|/(|A|*|x|+|b|) = 1.820766E-15

errors for X[:,2] 
	|b - A*x|_inf = 9.103829E-15
	|x|_inf = 1.000000E+00
	|b|_inf = 1.000000E+00
	|A|_inf = 4.000000E+00
	|b - A*x|/(|A|*|x|+|b|) = 1.820766E-15

step 12: Free resources 
